

Processing SiteController#index (for 127.0.0.1 at 2010-08-30 18:56:49) [GET]
  Parameters: {"action"=>"index", "controller"=>"site"}
Redirected to http://shp/site/login
Completed in 4ms (DB: 0) | 302 Found [http://shp/]


Processing SiteController#login (for 127.0.0.1 at 2010-08-30 18:56:49) [GET]
  Parameters: {"action"=>"login", "controller"=>"site"}
Rendering template within layouts/site
Rendering site/login
Completed in 16ms (View: 13, DB: 0) | 200 OK [http://shp/site/login]


Processing SiteController#login (for 127.0.0.1 at 2010-08-30 19:00:14) [POST]
  Parameters: {"commit"=>"Login", "action"=>"login", "authenticity_token"=>"ZfRU/X+qnk1oVzRFq+naGuSOV+jWTbDAsV8dE4PiweQ=", "controller"=>"site", "user"=>{"password"=>"[FILTERED]", "email"=>"admin"}}
Error [employee.rb/password_from_mail] Could not find table 'employees'
Rendering template within layouts/site
Rendering site/login
Completed in 21ms (View: 6, DB: 0) | 200 OK [http://shp/site/login]


Processing SiteController#login (for 127.0.0.1 at 2010-08-30 19:00:33) [POST]
  Parameters: {"commit"=>"Login", "action"=>"login", "authenticity_token"=>"ZfRU/X+qnk1oVzRFq+naGuSOV+jWTbDAsV8dE4PiweQ=", "controller"=>"site", "user"=>{"password"=>"[FILTERED]", "email"=>"fer@wadomo.com"}}
Error [employee.rb/password_from_mail] Could not find table 'employees'
Rendering template within layouts/site
Rendering site/login
Completed in 7ms (View: 6, DB: 0) | 200 OK [http://shp/site/login]


Processing SiteController#login (for 127.0.0.1 at 2010-08-30 19:01:37) [POST]
  Parameters: {"commit"=>"Login", "action"=>"login", "authenticity_token"=>"ZfRU/X+qnk1oVzRFq+naGuSOV+jWTbDAsV8dE4PiweQ=", "controller"=>"site", "user"=>{"password"=>"[FILTERED]", "email"=>"fer@wadomo.com"}}
Error [employee.rb/password_from_mail] Could not find table 'employees'
Rendering template within layouts/site
Rendering site/login
Completed in 7ms (View: 6, DB: 0) | 200 OK [http://shp/site/login]


Processing SiteController#login (for 127.0.0.1 at 2010-08-30 22:24:24) [GET]
  Parameters: {"action"=>"login", "controller"=>"site"}
Rendering template within layouts/site
Rendering site/login
Completed in 48ms (View: 44, DB: 0) | 200 OK [http://shp/site/login]


Processing SiteController#index (for 127.0.0.1 at 2010-08-31 00:24:41) [GET]
  Parameters: {"action"=>"index", "controller"=>"site"}
Redirected to http://shp/site/login
Completed in 4ms (DB: 0) | 302 Found [http://shp/]


Processing SiteController#login (for 127.0.0.1 at 2010-08-31 00:24:41) [GET]
  Parameters: {"action"=>"login", "controller"=>"site"}
Rendering template within layouts/site
Rendering site/login
Completed in 93ms (View: 92, DB: 0) | 200 OK [http://shp/site/login]


Processing SiteController#login (for 127.0.0.1 at 2010-08-31 19:40:47) [GET]
  Parameters: {"action"=>"login", "controller"=>"site"}
Rendering template within layouts/site
Rendering site/login
Completed in 69ms (View: 62, DB: 0) | 200 OK [http://shp/site/login]


Processing SiteController#login (for 127.0.0.1 at 2010-08-31 23:24:52) [GET]
  Parameters: {"action"=>"login", "controller"=>"site"}
Rendering template within layouts/site
Rendering site/login
Completed in 112ms (View: 109, DB: 0) | 200 OK [http://shp/site/login]
